<?xml version="1.0" encoding="UTF-8"?>
<!-- Generated by org.testng.reporters.JUnitReportReporter -->
<testsuite hostname="LAPTOP-KFF43P82" failures="0" tests="2" name="wcsmdemo.Demo" time="0.014" errors="0" timestamp="2023-04-12T11:37:05 IST" skipped="0">
  <testcase classname="wcsmdemo.Demo" name="demo2" time="0.002"/>
  <system-out/>
  <testcase classname="wcsmdemo.Demo" name="demo" time="0.012"/>
  <system-out/>
</testsuite> <!-- wcsmdemo.Demo -->
