<?xml version="1.0" encoding="UTF-8"?>
<!-- Generated by org.testng.reporters.JUnitReportReporter -->
<testsuite hostname="LAPTOP-KFF43P82" failures="0" tests="3" name="wcsmdemo.Demo" time="0.015" errors="0" timestamp="2023-04-12T11:49:45 IST" skipped="0">
  <testcase classname="wcsmdemo.Demo" name="demo2" time="0.001"/>
  <system-out/>
  <testcase classname="wcsmdemo.Demo" name="demo3" time="0.001"/>
  <system-out/>
  <testcase classname="wcsmdemo.Demo" name="demo" time="0.013"/>
  <system-out/>
</testsuite> <!-- wcsmdemo.Demo -->
